[debug] [2023-06-24T04:48:54.702Z] ----------------------------------------------------------------------
[debug] [2023-06-24T04:48:54.707Z] Command:       C:\Program Files\nodejs\node.exe C:\Users\Lenovo\AppData\Roaming\npm\node_modules\firebase-tools\lib\bin\firebase.js deploy
[debug] [2023-06-24T04:48:54.708Z] CLI Version:   12.4.0
[debug] [2023-06-24T04:48:54.709Z] Platform:      win32
[debug] [2023-06-24T04:48:54.710Z] Node Version:  v18.13.0
[debug] [2023-06-24T04:48:54.712Z] Time:          Sat Jun 24 2023 10:18:54 GMT+0530 (India Standard Time)
[debug] [2023-06-24T04:48:54.713Z] ----------------------------------------------------------------------
[debug] 
[debug] [2023-06-24T04:48:54.973Z] > command requires scopes: ["email","openid","https://www.googleapis.com/auth/cloudplatformprojects.readonly","https://www.googleapis.com/auth/firebase","https://www.googleapis.com/auth/cloud-platform"]
[debug] [2023-06-24T04:48:54.975Z] > authorizing via signed-in user (pillirajesh05@gmail.com)
[debug] [2023-06-24T04:48:54.975Z] [iam] checking project biodata-website-96e9e for permissions ["firebase.projects.get","firebasehosting.sites.update"]
[debug] [2023-06-24T04:48:54.984Z] >>> [apiv2][query] POST https://cloudresourcemanager.googleapis.com/v1/projects/biodata-website-96e9e:testIamPermissions [none]
[debug] [2023-06-24T04:48:54.984Z] >>> [apiv2][(partial)header] POST https://cloudresourcemanager.googleapis.com/v1/projects/biodata-website-96e9e:testIamPermissions x-goog-quota-user=projects/biodata-website-96e9e
[debug] [2023-06-24T04:48:54.986Z] >>> [apiv2][body] POST https://cloudresourcemanager.googleapis.com/v1/projects/biodata-website-96e9e:testIamPermissions {"permissions":["firebase.projects.get","firebasehosting.sites.update"]}
[debug] [2023-06-24T04:48:57.293Z] <<< [apiv2][status] POST https://cloudresourcemanager.googleapis.com/v1/projects/biodata-website-96e9e:testIamPermissions 200
[debug] [2023-06-24T04:48:57.295Z] <<< [apiv2][body] POST https://cloudresourcemanager.googleapis.com/v1/projects/biodata-website-96e9e:testIamPermissions {"permissions":["firebase.projects.get","firebasehosting.sites.update"]}
[debug] [2023-06-24T04:48:57.301Z] >>> [apiv2][query] GET https://firebase.googleapis.com/v1beta1/projects/biodata-website-96e9e [none]
[debug] [2023-06-24T04:48:58.144Z] <<< [apiv2][status] GET https://firebase.googleapis.com/v1beta1/projects/biodata-website-96e9e 200
[debug] [2023-06-24T04:48:58.145Z] <<< [apiv2][body] GET https://firebase.googleapis.com/v1beta1/projects/biodata-website-96e9e {"projectId":"biodata-website-96e9e","projectNumber":"804399163684","displayName":"Biodata Website","name":"projects/biodata-website-96e9e","resources":{"hostingSite":"biodata-website-96e9e"},"state":"ACTIVE","etag":"1_0fbccae6-2e1a-417f-be49-8f3aee37fb77"}
[info] 
[info] === Deploying to 'biodata-website-96e9e'...
[info] 
[info] i  deploying hosting 
[debug] [2023-06-24T04:48:58.173Z] >>> [apiv2][query] POST https://firebasehosting.googleapis.com/v1beta1/projects/-/sites/biodata-website-96e9e/versions [none]
[debug] [2023-06-24T04:48:58.173Z] >>> [apiv2][body] POST https://firebasehosting.googleapis.com/v1beta1/projects/-/sites/biodata-website-96e9e/versions {"status":"CREATED","labels":{"deployment-tool":"cli-firebase"}}
[debug] [2023-06-24T04:48:59.941Z] <<< [apiv2][status] POST https://firebasehosting.googleapis.com/v1beta1/projects/-/sites/biodata-website-96e9e/versions 200
[debug] [2023-06-24T04:48:59.942Z] <<< [apiv2][body] POST https://firebasehosting.googleapis.com/v1beta1/projects/-/sites/biodata-website-96e9e/versions {"name":"projects/804399163684/sites/biodata-website-96e9e/versions/33b434f385b9d9a8","status":"CREATED","config":{},"labels":{"deployment-tool":"cli-firebase"}}
[info] i  hosting[biodata-website-96e9e]: beginning deploy... 
[info] i  hosting[biodata-website-96e9e]: found 7 files in build 
[debug] [2023-06-24T04:49:19.345Z] [hosting] uploading with 200 concurrency
[debug] [2023-06-24T04:49:20.300Z] [hosting] hash cache [YnVpbGQ] stored for 7 files
[debug] [2023-06-24T04:49:20.302Z] [hosting][hash queue][FINAL] {"max":899,"min":48,"avg":179.57142857142858,"active":0,"complete":7,"success":7,"errored":0,"retried":0,"total":7,"elapsed":934}
[debug] [2023-06-24T04:49:20.304Z] >>> [apiv2][query] POST https://firebasehosting.googleapis.com/v1beta1/projects/804399163684/sites/biodata-website-96e9e/versions/33b434f385b9d9a8:populateFiles [none]
[debug] [2023-06-24T04:49:20.304Z] >>> [apiv2][body] POST https://firebasehosting.googleapis.com/v1beta1/projects/804399163684/sites/biodata-website-96e9e/versions/33b434f385b9d9a8:populateFiles {"files":{"/asset-manifest.json":"a2679f101571db60d8b66e10447ddbc376abfab115009edd00eaf5c0e14e5322","/index.html":"11802d882740d69a76239e1a59797a9025b7572fab6c8da0609f74a1a45423d1","/static/css/main.d17ad547.css":"478039dd6567840674ea4efe0239386cf4eeb2302dd2cd87b428ec5754a991d7","/static/css/main.d17ad547.css.map":"56c7fc74800a30f9ff8ad9e4ed18de696ff3ae745af9893faa1fb8878bf69be8","/static/js/main.ab562c99.js.LICENSE.txt":"1ab743beedc618c839b74c79ad310c4487b521bfb6cd053485cdd182abf4864c","/static/js/main.ab562c99.js":"aa4b3e8e8da4d5a9d2c6ea4cd7d995bee5bb6c3b5a25692eee9248502a8fc41e","/static/js/main.ab562c99.js.map":"a955c5dce5c425b5d6c20c9cca9db9fb1fe728885c5861fd4097d4678088c8af"}}
[debug] [2023-06-24T04:49:22.016Z] <<< [apiv2][status] POST https://firebasehosting.googleapis.com/v1beta1/projects/804399163684/sites/biodata-website-96e9e/versions/33b434f385b9d9a8:populateFiles 200
[debug] [2023-06-24T04:49:22.016Z] <<< [apiv2][body] POST https://firebasehosting.googleapis.com/v1beta1/projects/804399163684/sites/biodata-website-96e9e/versions/33b434f385b9d9a8:populateFiles {"uploadRequiredHashes":["aa4b3e8e8da4d5a9d2c6ea4cd7d995bee5bb6c3b5a25692eee9248502a8fc41e","a955c5dce5c425b5d6c20c9cca9db9fb1fe728885c5861fd4097d4678088c8af","a2679f101571db60d8b66e10447ddbc376abfab115009edd00eaf5c0e14e5322","11802d882740d69a76239e1a59797a9025b7572fab6c8da0609f74a1a45423d1"],"uploadUrl":"https://upload-firebasehosting.googleapis.com/upload/sites/biodata-website-96e9e/versions/33b434f385b9d9a8/files"}
[debug] [2023-06-24T04:49:22.021Z] >>> [apiv2][query] POST https://upload-firebasehosting.googleapis.com/upload/sites/biodata-website-96e9e/versions/33b434f385b9d9a8/files/aa4b3e8e8da4d5a9d2c6ea4cd7d995bee5bb6c3b5a25692eee9248502a8fc41e [none]
[debug] [2023-06-24T04:49:22.021Z] >>> [apiv2][body] POST https://upload-firebasehosting.googleapis.com/upload/sites/biodata-website-96e9e/versions/33b434f385b9d9a8/files/aa4b3e8e8da4d5a9d2c6ea4cd7d995bee5bb6c3b5a25692eee9248502a8fc41e [stream]
[debug] [2023-06-24T04:49:22.026Z] >>> [apiv2][query] POST https://upload-firebasehosting.googleapis.com/upload/sites/biodata-website-96e9e/versions/33b434f385b9d9a8/files/a955c5dce5c425b5d6c20c9cca9db9fb1fe728885c5861fd4097d4678088c8af [none]
[debug] [2023-06-24T04:49:22.026Z] >>> [apiv2][body] POST https://upload-firebasehosting.googleapis.com/upload/sites/biodata-website-96e9e/versions/33b434f385b9d9a8/files/a955c5dce5c425b5d6c20c9cca9db9fb1fe728885c5861fd4097d4678088c8af [stream]
[debug] [2023-06-24T04:49:22.033Z] >>> [apiv2][query] POST https://upload-firebasehosting.googleapis.com/upload/sites/biodata-website-96e9e/versions/33b434f385b9d9a8/files/a2679f101571db60d8b66e10447ddbc376abfab115009edd00eaf5c0e14e5322 [none]
[debug] [2023-06-24T04:49:22.033Z] >>> [apiv2][body] POST https://upload-firebasehosting.googleapis.com/upload/sites/biodata-website-96e9e/versions/33b434f385b9d9a8/files/a2679f101571db60d8b66e10447ddbc376abfab115009edd00eaf5c0e14e5322 [stream]
[debug] [2023-06-24T04:49:22.038Z] >>> [apiv2][query] POST https://upload-firebasehosting.googleapis.com/upload/sites/biodata-website-96e9e/versions/33b434f385b9d9a8/files/11802d882740d69a76239e1a59797a9025b7572fab6c8da0609f74a1a45423d1 [none]
[debug] [2023-06-24T04:49:22.038Z] >>> [apiv2][body] POST https://upload-firebasehosting.googleapis.com/upload/sites/biodata-website-96e9e/versions/33b434f385b9d9a8/files/11802d882740d69a76239e1a59797a9025b7572fab6c8da0609f74a1a45423d1 [stream]
[debug] [2023-06-24T04:49:22.043Z] [hosting][populate queue][FINAL] {"max":1731,"min":1731,"avg":1731,"active":0,"complete":1,"success":1,"errored":0,"retried":0,"total":1,"elapsed":1754}
[debug] [2023-06-24T04:49:22.044Z] [hosting] uploads queued: 4
[debug] [2023-06-24T04:49:24.728Z] <<< [apiv2][status] POST https://upload-firebasehosting.googleapis.com/upload/sites/biodata-website-96e9e/versions/33b434f385b9d9a8/files/aa4b3e8e8da4d5a9d2c6ea4cd7d995bee5bb6c3b5a25692eee9248502a8fc41e 200
[debug] [2023-06-24T04:49:24.729Z] <<< [apiv2][body] POST https://upload-firebasehosting.googleapis.com/upload/sites/biodata-website-96e9e/versions/33b434f385b9d9a8/files/aa4b3e8e8da4d5a9d2c6ea4cd7d995bee5bb6c3b5a25692eee9248502a8fc41e [stream]
[debug] [2023-06-24T04:49:25.358Z] <<< [apiv2][status] POST https://upload-firebasehosting.googleapis.com/upload/sites/biodata-website-96e9e/versions/33b434f385b9d9a8/files/11802d882740d69a76239e1a59797a9025b7572fab6c8da0609f74a1a45423d1 200
[debug] [2023-06-24T04:49:25.359Z] <<< [apiv2][body] POST https://upload-firebasehosting.googleapis.com/upload/sites/biodata-website-96e9e/versions/33b434f385b9d9a8/files/11802d882740d69a76239e1a59797a9025b7572fab6c8da0609f74a1a45423d1 [stream]
[debug] [2023-06-24T04:49:26.612Z] <<< [apiv2][status] POST https://upload-firebasehosting.googleapis.com/upload/sites/biodata-website-96e9e/versions/33b434f385b9d9a8/files/a2679f101571db60d8b66e10447ddbc376abfab115009edd00eaf5c0e14e5322 200
[debug] [2023-06-24T04:49:26.612Z] <<< [apiv2][body] POST https://upload-firebasehosting.googleapis.com/upload/sites/biodata-website-96e9e/versions/33b434f385b9d9a8/files/a2679f101571db60d8b66e10447ddbc376abfab115009edd00eaf5c0e14e5322 [stream]
[debug] [2023-06-24T04:49:30.879Z] <<< [apiv2][status] POST https://upload-firebasehosting.googleapis.com/upload/sites/biodata-website-96e9e/versions/33b434f385b9d9a8/files/a955c5dce5c425b5d6c20c9cca9db9fb1fe728885c5861fd4097d4678088c8af 200
[debug] [2023-06-24T04:49:30.880Z] <<< [apiv2][body] POST https://upload-firebasehosting.googleapis.com/upload/sites/biodata-website-96e9e/versions/33b434f385b9d9a8/files/a955c5dce5c425b5d6c20c9cca9db9fb1fe728885c5861fd4097d4678088c8af [stream]
[debug] [2023-06-24T04:49:30.880Z] [hosting][upload queue][FINAL] {"max":8862,"min":2716,"avg":4878,"active":0,"complete":4,"success":4,"errored":0,"retried":0,"total":4,"elapsed":8863}
[info] +  hosting[biodata-website-96e9e]: file upload complete 
[debug] [2023-06-24T04:49:30.884Z] [hosting] deploy completed after 11577ms
[debug] [2023-06-24T04:49:30.892Z] [
  {
    "config": {
      "public": "build",
      "ignore": [
        "firebase.json",
        "**/.*",
        "**/node_modules/**"
      ],
      "site": "biodata-website-96e9e"
    },
    "version": "projects/804399163684/sites/biodata-website-96e9e/versions/33b434f385b9d9a8"
  }
]
[info] i  hosting[biodata-website-96e9e]: finalizing version... 
[debug] [2023-06-24T04:49:30.901Z] >>> [apiv2][query] PATCH https://firebasehosting.googleapis.com/v1beta1/projects/-/sites/biodata-website-96e9e/versions/33b434f385b9d9a8 updateMask=status%2Cconfig
[debug] [2023-06-24T04:49:30.902Z] >>> [apiv2][body] PATCH https://firebasehosting.googleapis.com/v1beta1/projects/-/sites/biodata-website-96e9e/versions/33b434f385b9d9a8 {"status":"FINALIZED","config":{}}
[debug] [2023-06-24T04:49:32.088Z] <<< [apiv2][status] PATCH https://firebasehosting.googleapis.com/v1beta1/projects/-/sites/biodata-website-96e9e/versions/33b434f385b9d9a8 200
[debug] [2023-06-24T04:49:32.089Z] <<< [apiv2][body] PATCH https://firebasehosting.googleapis.com/v1beta1/projects/-/sites/biodata-website-96e9e/versions/33b434f385b9d9a8 {"name":"projects/804399163684/sites/biodata-website-96e9e/versions/33b434f385b9d9a8","status":"FINALIZED","config":{},"labels":{"deployment-tool":"cli-firebase"},"createTime":"2023-06-24T04:48:59.700628Z","createUser":{"email":"pillirajesh05@gmail.com"},"finalizeTime":"2023-06-24T04:49:32.132347Z","finalizeUser":{"email":"pillirajesh05@gmail.com"}}
[debug] [2023-06-24T04:49:32.089Z] [hosting] finalized version for biodata-website-96e9e:[object Object]
[info] +  hosting[biodata-website-96e9e]: version finalized 
[info] i  hosting[biodata-website-96e9e]: releasing new version... 
[debug] [2023-06-24T04:49:32.093Z] >>> [apiv2][query] POST https://firebasehosting.googleapis.com/v1beta1/projects/-/sites/biodata-website-96e9e/channels/live/releases versionName=projects%2F804399163684%2Fsites%2Fbiodata-website-96e9e%2Fversions%2F33b434f385b9d9a8
[debug] [2023-06-24T04:49:32.094Z] >>> [apiv2][body] POST https://firebasehosting.googleapis.com/v1beta1/projects/-/sites/biodata-website-96e9e/channels/live/releases {}
[debug] [2023-06-24T04:49:33.511Z] <<< [apiv2][status] POST https://firebasehosting.googleapis.com/v1beta1/projects/-/sites/biodata-website-96e9e/channels/live/releases 200
[debug] [2023-06-24T04:49:33.511Z] <<< [apiv2][body] POST https://firebasehosting.googleapis.com/v1beta1/projects/-/sites/biodata-website-96e9e/channels/live/releases {"name":"projects/804399163684/sites/biodata-website-96e9e/channels/live/releases/1687582172779000","version":{"name":"projects/804399163684/sites/biodata-website-96e9e/versions/33b434f385b9d9a8","status":"FINALIZED","config":{},"labels":{"deployment-tool":"cli-firebase"},"createTime":"2023-06-24T04:48:59.700628Z","createUser":{"email":"pillirajesh05@gmail.com","imageUrl":"https://lh3.googleusercontent.com/a/AAcHTteHl5uSCA5fSelDlD7gPVmcixJxn82dVR5PjAWKjQ"},"finalizeTime":"2023-06-24T04:49:32.132347Z","finalizeUser":{"email":"pillirajesh05@gmail.com","imageUrl":"https://lh3.googleusercontent.com/a/AAcHTteHl5uSCA5fSelDlD7gPVmcixJxn82dVR5PjAWKjQ"}},"type":"DEPLOY","releaseTime":"2023-06-24T04:49:32.779Z","releaseUser":{"email":"pillirajesh05@gmail.com","imageUrl":"https://lh3.googleusercontent.com/a/AAcHTteHl5uSCA5fSelDlD7gPVmcixJxn82dVR5PjAWKjQ"}}
[debug] [2023-06-24T04:49:33.512Z] [hosting] release: {"name":"projects/804399163684/sites/biodata-website-96e9e/channels/live/releases/1687582172779000","version":{"name":"projects/804399163684/sites/biodata-website-96e9e/versions/33b434f385b9d9a8","status":"FINALIZED","config":{},"labels":{"deployment-tool":"cli-firebase"},"createTime":"2023-06-24T04:48:59.700628Z","createUser":{"email":"pillirajesh05@gmail.com","imageUrl":"https://lh3.googleusercontent.com/a/AAcHTteHl5uSCA5fSelDlD7gPVmcixJxn82dVR5PjAWKjQ"},"finalizeTime":"2023-06-24T04:49:32.132347Z","finalizeUser":{"email":"pillirajesh05@gmail.com","imageUrl":"https://lh3.googleusercontent.com/a/AAcHTteHl5uSCA5fSelDlD7gPVmcixJxn82dVR5PjAWKjQ"}},"type":"DEPLOY","releaseTime":"2023-06-24T04:49:32.779Z","releaseUser":{"email":"pillirajesh05@gmail.com","imageUrl":"https://lh3.googleusercontent.com/a/AAcHTteHl5uSCA5fSelDlD7gPVmcixJxn82dVR5PjAWKjQ"}}
[info] +  hosting[biodata-website-96e9e]: release complete 
[info] 
[info] +  Deploy complete! 
[info] 
[info] Project Console: https://console.firebase.google.com/project/biodata-website-96e9e/overview
[info] Hosting URL: https://biodata-website-96e9e.web.app
[debug] [2023-06-24T04:50:04.626Z] Error: Timed out.
    at Timeout._onTimeout (C:\Users\Lenovo\AppData\Roaming\npm\node_modules\firebase-tools\lib\utils.js:253:49)
    at listOnTimeout (node:internal/timers:564:17)
    at process.processTimers (node:internal/timers:507:7)
[error] 
[error] Error: An unexpected error has occurred.
